<?xml version="1.0" encoding="UTF-8"?>
<!-- Generated by org.testng.reporters.JUnitReportReporter -->
<testsuite hostname="LAPTOP-PF3BCJ59" failures="0" tests="1" name="MobileAutomation1.Mobile.AppiumBasic" time="5.061" errors="0" timestamp="2024-04-25T02:03:57 BDT" skipped="0">
  <testcase classname="MobileAutomation1.Mobile.AppiumBasic" name="AppiumTest" time="5.061"/>
</testsuite> <!-- MobileAutomation1.Mobile.AppiumBasic -->
